c:\users\hanuman\desktop\new folder(2)\channel_notching_in_cr_networks_v12.2\channel_notching_workspace\src\simulation\cognitiveradio\x64\debug\vc142.pdb
c:\users\hanuman\desktop\new folder(2)\channel_notching_in_cr_networks_v12.2\channel_notching_workspace\src\simulation\cognitiveradio\x64\debug\vc142.idb
c:\users\hanuman\desktop\new folder(2)\channel_notching_in_cr_networks_v12.2\channel_notching_workspace\src\simulation\cognitiveradio\x64\debug\usmap.obj
c:\users\hanuman\desktop\new folder(2)\channel_notching_in_cr_networks_v12.2\channel_notching_workspace\src\simulation\cognitiveradio\x64\debug\usframe.obj
c:\users\hanuman\desktop\new folder(2)\channel_notching_in_cr_networks_v12.2\channel_notching_workspace\src\simulation\cognitiveradio\x64\debug\ucd.obj
c:\users\hanuman\desktop\new folder(2)\channel_notching_in_cr_networks_v12.2\channel_notching_workspace\src\simulation\cognitiveradio\x64\debug\spectrummanager.obj
c:\users\hanuman\desktop\new folder(2)\channel_notching_in_cr_networks_v12.2\channel_notching_workspace\src\simulation\cognitiveradio\x64\debug\sch.obj
c:\users\hanuman\desktop\new folder(2)\channel_notching_in_cr_networks_v12.2\channel_notching_workspace\src\simulation\cognitiveradio\x64\debug\propagationmodel.obj
c:\users\hanuman\desktop\new folder(2)\channel_notching_in_cr_networks_v12.2\channel_notching_workspace\src\simulation\cognitiveradio\x64\debug\packetforward.obj
c:\users\hanuman\desktop\new folder(2)\channel_notching_in_cr_networks_v12.2\channel_notching_workspace\src\simulation\cognitiveradio\x64\debug\ofdma.obj
c:\users\hanuman\desktop\new folder(2)\channel_notching_in_cr_networks_v12.2\channel_notching_workspace\src\simulation\cognitiveradio\x64\debug\incumbent.obj
c:\users\hanuman\desktop\new folder(2)\channel_notching_in_cr_networks_v12.2\channel_notching_workspace\src\simulation\cognitiveradio\x64\debug\fragmentation.obj
c:\users\hanuman\desktop\new folder(2)\channel_notching_in_cr_networks_v12.2\channel_notching_workspace\src\simulation\cognitiveradio\x64\debug\fch.obj
c:\users\hanuman\desktop\new folder(2)\channel_notching_in_cr_networks_v12.2\channel_notching_workspace\src\simulation\cognitiveradio\x64\debug\dsx.obj
c:\users\hanuman\desktop\new folder(2)\channel_notching_in_cr_networks_v12.2\channel_notching_workspace\src\simulation\cognitiveradio\x64\debug\dsmap.obj
c:\users\hanuman\desktop\new folder(2)\channel_notching_in_cr_networks_v12.2\channel_notching_workspace\src\simulation\cognitiveradio\x64\debug\dsframe.obj
c:\users\hanuman\desktop\new folder(2)\channel_notching_in_cr_networks_v12.2\channel_notching_workspace\src\simulation\cognitiveradio\x64\debug\dcd.obj
c:\users\hanuman\desktop\new folder(2)\channel_notching_in_cr_networks_v12.2\channel_notching_workspace\src\simulation\cognitiveradio\x64\debug\channelnotching.obj
c:\users\hanuman\desktop\new folder(2)\channel_notching_in_cr_networks_v12.2\channel_notching_workspace\src\simulation\cognitiveradio\x64\debug\802_22.obj
c:\users\hanuman\desktop\new folder(2)\channel_notching_in_cr_networks_v12.2\channel_notching_workspace\bin\bin_x64\cognitiveradio.lib
c:\users\hanuman\desktop\new folder(2)\channel_notching_in_cr_networks_v12.2\channel_notching_workspace\bin\bin_x64\cognitiveradio.exp
c:\users\hanuman\desktop\new folder(2)\channel_notching_in_cr_networks_v12.2\channel_notching_workspace\bin\bin_x64\libcognitiveradio.dll
c:\users\hanuman\desktop\new folder(2)\channel_notching_in_cr_networks_v12.2\channel_notching_workspace\bin\bin_x64\cognitiveradio.pdb
c:\users\hanuman\desktop\new folder(2)\channel_notching_in_cr_networks_v12.2\channel_notching_workspace\src\simulation\cognitiveradio\x64\debug\cognitiveradio.tlog\cl.command.1.tlog
c:\users\hanuman\desktop\new folder(2)\channel_notching_in_cr_networks_v12.2\channel_notching_workspace\src\simulation\cognitiveradio\x64\debug\cognitiveradio.tlog\cl.read.1.tlog
c:\users\hanuman\desktop\new folder(2)\channel_notching_in_cr_networks_v12.2\channel_notching_workspace\src\simulation\cognitiveradio\x64\debug\cognitiveradio.tlog\cl.write.1.tlog
c:\users\hanuman\desktop\new folder(2)\channel_notching_in_cr_networks_v12.2\channel_notching_workspace\src\simulation\cognitiveradio\x64\debug\cognitiveradio.tlog\cognitiveradio.write.1u.tlog
c:\users\hanuman\desktop\new folder(2)\channel_notching_in_cr_networks_v12.2\channel_notching_workspace\src\simulation\cognitiveradio\x64\debug\cognitiveradio.tlog\link.24356.delete.1.tlog
c:\users\hanuman\desktop\new folder(2)\channel_notching_in_cr_networks_v12.2\channel_notching_workspace\src\simulation\cognitiveradio\x64\debug\cognitiveradio.tlog\link.command.1.tlog
c:\users\hanuman\desktop\new folder(2)\channel_notching_in_cr_networks_v12.2\channel_notching_workspace\src\simulation\cognitiveradio\x64\debug\cognitiveradio.tlog\link.read.1.tlog
c:\users\hanuman\desktop\new folder(2)\channel_notching_in_cr_networks_v12.2\channel_notching_workspace\src\simulation\cognitiveradio\x64\debug\cognitiveradio.tlog\link.write.1.tlog
